<?xml version="1.0" encoding="UTF-8"?>
<testsuite xmlns:xsi="http://www.w3.org/2001/XMLSchema-instance" xsi:noNamespaceSchemaLocation="https://maven.apache.org/surefire/maven-surefire-plugin/xsd/surefire-test-report.xsd" name="com.example.demo.DemoApplicationTests" time="20.89" tests="1" errors="0" skipped="0" failures="0">
  <properties>
    <property name="sun.desktop" value="windows"/>
    <property name="awt.toolkit" value="sun.awt.windows.WToolkit"/>
    <property name="file.encoding.pkg" value="sun.io"/>
    <property name="java.specification.version" value="1.8"/>
    <property name="sun.cpu.isalist" value="amd64"/>
    <property name="sun.jnu.encoding" value="GBK"/>
    <property name="java.class.path" value="C:\xuefly\project\springboot-demo\demo\target\test-classes;C:\xuefly\project\springboot-demo\demo\target\classes;C:\xuefly\localRepository\org\springframework\cloud\spring-cloud-starter-netflix-eureka-client\2.2.1.RELEASE\spring-cloud-starter-netflix-eureka-client-2.2.1.RELEASE.jar;C:\xuefly\localRepository\org\springframework\cloud\spring-cloud-starter\2.2.1.RELEASE\spring-cloud-starter-2.2.1.RELEASE.jar;C:\xuefly\localRepository\org\springframework\cloud\spring-cloud-context\2.2.1.RELEASE\spring-cloud-context-2.2.1.RELEASE.jar;C:\xuefly\localRepository\org\springframework\security\spring-security-crypto\5.2.1.RELEASE\spring-security-crypto-5.2.1.RELEASE.jar;C:\xuefly\localRepository\org\springframework\cloud\spring-cloud-commons\2.2.1.RELEASE\spring-cloud-commons-2.2.1.RELEASE.jar;C:\xuefly\localRepository\org\springframework\security\spring-security-rsa\1.0.9.RELEASE\spring-security-rsa-1.0.9.RELEASE.jar;C:\xuefly\localRepository\org\bouncycastle\bcpkix-jdk15on\1.64\bcpkix-jdk15on-1.64.jar;C:\xuefly\localRepository\org\bouncycastle\bcprov-jdk15on\1.64\bcprov-jdk15on-1.64.jar;C:\xuefly\localRepository\org\springframework\cloud\spring-cloud-netflix-hystrix\2.2.1.RELEASE\spring-cloud-netflix-hystrix-2.2.1.RELEASE.jar;C:\xuefly\localRepository\org\springframework\boot\spring-boot-autoconfigure\2.2.2.RELEASE\spring-boot-autoconfigure-2.2.2.RELEASE.jar;C:\xuefly\localRepository\org\springframework\cloud\spring-cloud-netflix-eureka-client\2.2.1.RELEASE\spring-cloud-netflix-eureka-client-2.2.1.RELEASE.jar;C:\xuefly\localRepository\com\netflix\eureka\eureka-client\1.9.13\eureka-client-1.9.13.jar;C:\xuefly\localRepository\org\codehaus\jettison\jettison\1.3.7\jettison-1.3.7.jar;C:\xuefly\localRepository\stax\stax-api\1.0.1\stax-api-1.0.1.jar;C:\xuefly\localRepository\com\netflix\netflix-commons\netflix-eventbus\0.3.0\netflix-eventbus-0.3.0.jar;C:\xuefly\localRepository\com\netflix\netflix-commons\netflix-infix\0.3.0\netflix-infix-0.3.0.jar;C:\xuefly\localRepository\commons-jxpath\commons-jxpath\1.3\commons-jxpath-1.3.jar;C:\xuefly\localRepository\joda-time\joda-time\2.10.5\joda-time-2.10.5.jar;C:\xuefly\localRepository\org\antlr\antlr-runtime\3.4\antlr-runtime-3.4.jar;C:\xuefly\localRepository\org\antlr\stringtemplate\3.2.1\stringtemplate-3.2.1.jar;C:\xuefly\localRepository\antlr\antlr\2.7.7\antlr-2.7.7.jar;C:\xuefly\localRepository\com\google\code\gson\gson\2.8.6\gson-2.8.6.jar;C:\xuefly\localRepository\org\apache\commons\commons-math\2.2\commons-math-2.2.jar;C:\xuefly\localRepository\com\netflix\archaius\archaius-core\0.7.6\archaius-core-0.7.6.jar;C:\xuefly\localRepository\javax\ws\rs\jsr311-api\1.1.1\jsr311-api-1.1.1.jar;C:\xuefly\localRepository\com\netflix\servo\servo-core\0.12.21\servo-core-0.12.21.jar;C:\xuefly\localRepository\com\sun\jersey\jersey-core\1.19.1\jersey-core-1.19.1.jar;C:\xuefly\localRepository\com\sun\jersey\jersey-client\1.19.1\jersey-client-1.19.1.jar;C:\xuefly\localRepository\com\sun\jersey\contribs\jersey-apache-client4\1.19.1\jersey-apache-client4-1.19.1.jar;C:\xuefly\localRepository\org\apache\httpcomponents\httpclient\4.5.10\httpclient-4.5.10.jar;C:\xuefly\localRepository\org\apache\httpcomponents\httpcore\4.4.12\httpcore-4.4.12.jar;C:\xuefly\localRepository\commons-codec\commons-codec\1.13\commons-codec-1.13.jar;C:\xuefly\localRepository\com\google\inject\guice\4.1.0\guice-4.1.0.jar;C:\xuefly\localRepository\javax\inject\javax.inject\1\javax.inject-1.jar;C:\xuefly\localRepository\aopalliance\aopalliance\1.0\aopalliance-1.0.jar;C:\xuefly\localRepository\com\fasterxml\jackson\core\jackson-annotations\2.10.1\jackson-annotations-2.10.1.jar;C:\xuefly\localRepository\com\fasterxml\jackson\core\jackson-core\2.10.1\jackson-core-2.10.1.jar;C:\xuefly\localRepository\com\fasterxml\jackson\core\jackson-databind\2.10.1\jackson-databind-2.10.1.jar;C:\xuefly\localRepository\com\netflix\eureka\eureka-core\1.9.13\eureka-core-1.9.13.jar;C:\xuefly\localRepository\com\fasterxml\woodstox\woodstox-core\5.2.1\woodstox-core-5.2.1.jar;C:\xuefly\localRepository\org\codehaus\woodstox\stax2-api\4.2\stax2-api-4.2.jar;C:\xuefly\localRepository\org\springframework\cloud\spring-cloud-starter-netflix-archaius\2.2.1.RELEASE\spring-cloud-starter-netflix-archaius-2.2.1.RELEASE.jar;C:\xuefly\localRepository\org\springframework\cloud\spring-cloud-netflix-ribbon\2.2.1.RELEASE\spring-cloud-netflix-ribbon-2.2.1.RELEASE.jar;C:\xuefly\localRepository\org\springframework\cloud\spring-cloud-netflix-archaius\2.2.1.RELEASE\spring-cloud-netflix-archaius-2.2.1.RELEASE.jar;C:\xuefly\localRepository\commons-configuration\commons-configuration\1.8\commons-configuration-1.8.jar;C:\xuefly\localRepository\commons-lang\commons-lang\2.6\commons-lang-2.6.jar;C:\xuefly\localRepository\org\springframework\cloud\spring-cloud-starter-netflix-ribbon\2.2.1.RELEASE\spring-cloud-starter-netflix-ribbon-2.2.1.RELEASE.jar;C:\xuefly\localRepository\com\netflix\ribbon\ribbon\2.3.0\ribbon-2.3.0.jar;C:\xuefly\localRepository\com\netflix\ribbon\ribbon-transport\2.3.0\ribbon-transport-2.3.0.jar;C:\xuefly\localRepository\io\reactivex\rxnetty-contexts\0.4.9\rxnetty-contexts-0.4.9.jar;C:\xuefly\localRepository\io\reactivex\rxnetty-servo\0.4.9\rxnetty-servo-0.4.9.jar;C:\xuefly\localRepository\com\netflix\hystrix\hystrix-core\1.5.18\hystrix-core-1.5.18.jar;C:\xuefly\localRepository\org\hdrhistogram\HdrHistogram\2.1.9\HdrHistogram-2.1.9.jar;C:\xuefly\localRepository\io\reactivex\rxnetty\0.4.9\rxnetty-0.4.9.jar;C:\xuefly\localRepository\com\netflix\ribbon\ribbon-core\2.3.0\ribbon-core-2.3.0.jar;C:\xuefly\localRepository\com\netflix\ribbon\ribbon-httpclient\2.3.0\ribbon-httpclient-2.3.0.jar;C:\xuefly\localRepository\commons-collections\commons-collections\3.2.2\commons-collections-3.2.2.jar;C:\xuefly\localRepository\com\netflix\netflix-commons\netflix-commons-util\0.3.0\netflix-commons-util-0.3.0.jar;C:\xuefly\localRepository\com\netflix\ribbon\ribbon-loadbalancer\2.3.0\ribbon-loadbalancer-2.3.0.jar;C:\xuefly\localRepository\com\netflix\netflix-commons\netflix-statistics\0.1.1\netflix-statistics-0.1.1.jar;C:\xuefly\localRepository\io\reactivex\rxjava\1.3.8\rxjava-1.3.8.jar;C:\xuefly\localRepository\org\springframework\cloud\spring-cloud-starter-loadbalancer\2.2.1.RELEASE\spring-cloud-starter-loadbalancer-2.2.1.RELEASE.jar;C:\xuefly\localRepository\org\springframework\cloud\spring-cloud-loadbalancer\2.2.1.RELEASE\spring-cloud-loadbalancer-2.2.1.RELEASE.jar;C:\xuefly\localRepository\io\projectreactor\addons\reactor-extra\3.3.1.RELEASE\reactor-extra-3.3.1.RELEASE.jar;C:\xuefly\localRepository\org\springframework\boot\spring-boot-starter-cache\2.2.2.RELEASE\spring-boot-starter-cache-2.2.2.RELEASE.jar;C:\xuefly\localRepository\com\stoyanr\evictor\1.0.0\evictor-1.0.0.jar;C:\xuefly\localRepository\com\netflix\ribbon\ribbon-eureka\2.3.0\ribbon-eureka-2.3.0.jar;C:\xuefly\localRepository\com\thoughtworks\xstream\xstream\1.4.11.1\xstream-1.4.11.1.jar;C:\xuefly\localRepository\xmlpull\xmlpull\1.1.3.1\xmlpull-1.1.3.1.jar;C:\xuefly\localRepository\xpp3\xpp3_min\1.1.4c\xpp3_min-1.1.4c.jar;C:\xuefly\localRepository\org\springframework\boot\spring-boot-starter-web\2.2.2.RELEASE\spring-boot-starter-web-2.2.2.RELEASE.jar;C:\xuefly\localRepository\org\springframework\boot\spring-boot-starter\2.2.2.RELEASE\spring-boot-starter-2.2.2.RELEASE.jar;C:\xuefly\localRepository\org\springframework\boot\spring-boot\2.2.2.RELEASE\spring-boot-2.2.2.RELEASE.jar;C:\xuefly\localRepository\jakarta\annotation\jakarta.annotation-api\1.3.5\jakarta.annotation-api-1.3.5.jar;C:\xuefly\localRepository\org\yaml\snakeyaml\1.25\snakeyaml-1.25.jar;C:\xuefly\localRepository\org\springframework\boot\spring-boot-starter-json\2.2.2.RELEASE\spring-boot-starter-json-2.2.2.RELEASE.jar;C:\xuefly\localRepository\com\fasterxml\jackson\datatype\jackson-datatype-jdk8\2.10.1\jackson-datatype-jdk8-2.10.1.jar;C:\xuefly\localRepository\com\fasterxml\jackson\datatype\jackson-datatype-jsr310\2.10.1\jackson-datatype-jsr310-2.10.1.jar;C:\xuefly\localRepository\com\fasterxml\jackson\module\jackson-module-parameter-names\2.10.1\jackson-module-parameter-names-2.10.1.jar;C:\xuefly\localRepository\org\springframework\boot\spring-boot-starter-tomcat\2.2.2.RELEASE\spring-boot-starter-tomcat-2.2.2.RELEASE.jar;C:\xuefly\localRepository\org\apache\tomcat\embed\tomcat-embed-core\9.0.29\tomcat-embed-core-9.0.29.jar;C:\xuefly\localRepository\org\apache\tomcat\embed\tomcat-embed-el\9.0.29\tomcat-embed-el-9.0.29.jar;C:\xuefly\localRepository\org\apache\tomcat\embed\tomcat-embed-websocket\9.0.29\tomcat-embed-websocket-9.0.29.jar;C:\xuefly\localRepository\org\springframework\boot\spring-boot-starter-validation\2.2.2.RELEASE\spring-boot-starter-validation-2.2.2.RELEASE.jar;C:\xuefly\localRepository\jakarta\validation\jakarta.validation-api\2.0.1\jakarta.validation-api-2.0.1.jar;C:\xuefly\localRepository\org\hibernate\validator\hibernate-validator\6.0.18.Final\hibernate-validator-6.0.18.Final.jar;C:\xuefly\localRepository\org\jboss\logging\jboss-logging\3.4.1.Final\jboss-logging-3.4.1.Final.jar;C:\xuefly\localRepository\org\springframework\spring-web\5.2.2.RELEASE\spring-web-5.2.2.RELEASE.jar;C:\xuefly\localRepository\org\springframework\spring-beans\5.2.2.RELEASE\spring-beans-5.2.2.RELEASE.jar;C:\xuefly\localRepository\org\springframework\spring-webmvc\5.2.2.RELEASE\spring-webmvc-5.2.2.RELEASE.jar;C:\xuefly\localRepository\org\springframework\spring-expression\5.2.2.RELEASE\spring-expression-5.2.2.RELEASE.jar;C:\xuefly\localRepository\org\springframework\boot\spring-boot-starter-logging\2.2.2.RELEASE\spring-boot-starter-logging-2.2.2.RELEASE.jar;C:\xuefly\localRepository\ch\qos\logback\logback-classic\1.2.3\logback-classic-1.2.3.jar;C:\xuefly\localRepository\ch\qos\logback\logback-core\1.2.3\logback-core-1.2.3.jar;C:\xuefly\localRepository\org\apache\logging\log4j\log4j-to-slf4j\2.12.1\log4j-to-slf4j-2.12.1.jar;C:\xuefly\localRepository\org\apache\logging\log4j\log4j-api\2.12.1\log4j-api-2.12.1.jar;C:\xuefly\localRepository\org\slf4j\jul-to-slf4j\1.7.29\jul-to-slf4j-1.7.29.jar;C:\xuefly\localRepository\org\springframework\boot\spring-boot-starter-quartz\2.2.2.RELEASE\spring-boot-starter-quartz-2.2.2.RELEASE.jar;C:\xuefly\localRepository\org\springframework\spring-context-support\5.2.2.RELEASE\spring-context-support-5.2.2.RELEASE.jar;C:\xuefly\localRepository\org\springframework\spring-tx\5.2.2.RELEASE\spring-tx-5.2.2.RELEASE.jar;C:\xuefly\localRepository\org\quartz-scheduler\quartz\2.3.2\quartz-2.3.2.jar;C:\xuefly\localRepository\com\mchange\mchange-commons-java\0.2.15\mchange-commons-java-0.2.15.jar;C:\xuefly\localRepository\org\springframework\boot\spring-boot-starter-data-redis\2.2.2.RELEASE\spring-boot-starter-data-redis-2.2.2.RELEASE.jar;C:\xuefly\localRepository\org\springframework\data\spring-data-redis\2.2.3.RELEASE\spring-data-redis-2.2.3.RELEASE.jar;C:\xuefly\localRepository\org\springframework\data\spring-data-keyvalue\2.2.3.RELEASE\spring-data-keyvalue-2.2.3.RELEASE.jar;C:\xuefly\localRepository\org\springframework\data\spring-data-commons\2.2.3.RELEASE\spring-data-commons-2.2.3.RELEASE.jar;C:\xuefly\localRepository\org\springframework\spring-oxm\5.2.2.RELEASE\spring-oxm-5.2.2.RELEASE.jar;C:\xuefly\localRepository\io\lettuce\lettuce-core\5.2.1.RELEASE\lettuce-core-5.2.1.RELEASE.jar;C:\xuefly\localRepository\io\netty\netty-common\4.1.43.Final\netty-common-4.1.43.Final.jar;C:\xuefly\localRepository\io\netty\netty-handler\4.1.43.Final\netty-handler-4.1.43.Final.jar;C:\xuefly\localRepository\io\netty\netty-buffer\4.1.43.Final\netty-buffer-4.1.43.Final.jar;C:\xuefly\localRepository\io\netty\netty-codec\4.1.43.Final\netty-codec-4.1.43.Final.jar;C:\xuefly\localRepository\io\netty\netty-transport\4.1.43.Final\netty-transport-4.1.43.Final.jar;C:\xuefly\localRepository\io\netty\netty-resolver\4.1.43.Final\netty-resolver-4.1.43.Final.jar;C:\xuefly\localRepository\io\projectreactor\reactor-core\3.3.1.RELEASE\reactor-core-3.3.1.RELEASE.jar;C:\xuefly\localRepository\org\reactivestreams\reactive-streams\1.0.3\reactive-streams-1.0.3.jar;C:\xuefly\localRepository\org\springframework\boot\spring-boot-starter-amqp\2.2.2.RELEASE\spring-boot-starter-amqp-2.2.2.RELEASE.jar;C:\xuefly\localRepository\org\springframework\spring-messaging\5.2.2.RELEASE\spring-messaging-5.2.2.RELEASE.jar;C:\xuefly\localRepository\org\springframework\amqp\spring-rabbit\2.2.2.RELEASE\spring-rabbit-2.2.2.RELEASE.jar;C:\xuefly\localRepository\com\rabbitmq\amqp-client\5.7.3\amqp-client-5.7.3.jar;C:\xuefly\localRepository\org\springframework\amqp\spring-amqp\2.2.2.RELEASE\spring-amqp-2.2.2.RELEASE.jar;C:\xuefly\localRepository\org\springframework\boot\spring-boot-starter-aop\2.2.2.RELEASE\spring-boot-starter-aop-2.2.2.RELEASE.jar;C:\xuefly\localRepository\org\springframework\spring-aop\5.2.2.RELEASE\spring-aop-5.2.2.RELEASE.jar;C:\xuefly\localRepository\org\aspectj\aspectjweaver\1.9.5\aspectjweaver-1.9.5.jar;C:\xuefly\localRepository\com\alibaba\fastjson\1.2.32\fastjson-1.2.32.jar;C:\xuefly\localRepository\org\springframework\kafka\spring-kafka\2.3.4.RELEASE\spring-kafka-2.3.4.RELEASE.jar;C:\xuefly\localRepository\org\apache\kafka\kafka-clients\2.3.1\kafka-clients-2.3.1.jar;C:\xuefly\localRepository\com\github\luben\zstd-jni\1.4.0-1\zstd-jni-1.4.0-1.jar;C:\xuefly\localRepository\org\lz4\lz4-java\1.6.0\lz4-java-1.6.0.jar;C:\xuefly\localRepository\org\xerial\snappy\snappy-java\1.1.7.3\snappy-java-1.1.7.3.jar;C:\xuefly\localRepository\org\springframework\retry\spring-retry\1.2.4.RELEASE\spring-retry-1.2.4.RELEASE.jar;C:\xuefly\localRepository\org\springframework\spring-context\5.2.2.RELEASE\spring-context-5.2.2.RELEASE.jar;C:\xuefly\localRepository\org\projectlombok\lombok\1.18.8\lombok-1.18.8.jar;C:\xuefly\localRepository\org\mybatis\mybatis\3.5.3\mybatis-3.5.3.jar;C:\xuefly\localRepository\org\mybatis\spring\boot\mybatis-spring-boot-starter\2.1.1\mybatis-spring-boot-starter-2.1.1.jar;C:\xuefly\localRepository\org\springframework\boot\spring-boot-starter-jdbc\2.2.2.RELEASE\spring-boot-starter-jdbc-2.2.2.RELEASE.jar;C:\xuefly\localRepository\com\zaxxer\HikariCP\3.4.1\HikariCP-3.4.1.jar;C:\xuefly\localRepository\org\springframework\spring-jdbc\5.2.2.RELEASE\spring-jdbc-5.2.2.RELEASE.jar;C:\xuefly\localRepository\org\mybatis\spring\boot\mybatis-spring-boot-autoconfigure\2.1.1\mybatis-spring-boot-autoconfigure-2.1.1.jar;C:\xuefly\localRepository\org\mybatis\mybatis-spring\2.0.3\mybatis-spring-2.0.3.jar;C:\xuefly\localRepository\mysql\mysql-connector-java\8.0.18\mysql-connector-java-8.0.18.jar;C:\xuefly\localRepository\io\springfox\springfox-swagger2\2.9.2\springfox-swagger2-2.9.2.jar;C:\xuefly\localRepository\io\swagger\swagger-annotations\1.5.20\swagger-annotations-1.5.20.jar;C:\xuefly\localRepository\io\swagger\swagger-models\1.5.20\swagger-models-1.5.20.jar;C:\xuefly\localRepository\io\springfox\springfox-spi\2.9.2\springfox-spi-2.9.2.jar;C:\xuefly\localRepository\io\springfox\springfox-core\2.9.2\springfox-core-2.9.2.jar;C:\xuefly\localRepository\io\springfox\springfox-schema\2.9.2\springfox-schema-2.9.2.jar;C:\xuefly\localRepository\io\springfox\springfox-swagger-common\2.9.2\springfox-swagger-common-2.9.2.jar;C:\xuefly\localRepository\io\springfox\springfox-spring-web\2.9.2\springfox-spring-web-2.9.2.jar;C:\xuefly\localRepository\com\google\guava\guava\20.0\guava-20.0.jar;C:\xuefly\localRepository\com\fasterxml\classmate\1.5.1\classmate-1.5.1.jar;C:\xuefly\localRepository\org\slf4j\slf4j-api\1.7.29\slf4j-api-1.7.29.jar;C:\xuefly\localRepository\org\springframework\plugin\spring-plugin-core\1.2.0.RELEASE\spring-plugin-core-1.2.0.RELEASE.jar;C:\xuefly\localRepository\org\springframework\plugin\spring-plugin-metadata\1.2.0.RELEASE\spring-plugin-metadata-1.2.0.RELEASE.jar;C:\xuefly\localRepository\org\mapstruct\mapstruct\1.2.0.Final\mapstruct-1.2.0.Final.jar;C:\xuefly\localRepository\io\springfox\springfox-swagger-ui\2.9.2\springfox-swagger-ui-2.9.2.jar;C:\xuefly\localRepository\org\springframework\boot\spring-boot-starter-test\2.2.2.RELEASE\spring-boot-starter-test-2.2.2.RELEASE.jar;C:\xuefly\localRepository\org\springframework\boot\spring-boot-test\2.2.2.RELEASE\spring-boot-test-2.2.2.RELEASE.jar;C:\xuefly\localRepository\org\springframework\boot\spring-boot-test-autoconfigure\2.2.2.RELEASE\spring-boot-test-autoconfigure-2.2.2.RELEASE.jar;C:\xuefly\localRepository\com\jayway\jsonpath\json-path\2.4.0\json-path-2.4.0.jar;C:\xuefly\localRepository\net\minidev\json-smart\2.3\json-smart-2.3.jar;C:\xuefly\localRepository\net\minidev\accessors-smart\1.2\accessors-smart-1.2.jar;C:\xuefly\localRepository\org\ow2\asm\asm\5.0.4\asm-5.0.4.jar;C:\xuefly\localRepository\jakarta\xml\bind\jakarta.xml.bind-api\2.3.2\jakarta.xml.bind-api-2.3.2.jar;C:\xuefly\localRepository\jakarta\activation\jakarta.activation-api\1.2.1\jakarta.activation-api-1.2.1.jar;C:\xuefly\localRepository\org\junit\jupiter\junit-jupiter\5.5.2\junit-jupiter-5.5.2.jar;C:\xuefly\localRepository\org\junit\jupiter\junit-jupiter-api\5.5.2\junit-jupiter-api-5.5.2.jar;C:\xuefly\localRepository\org\apiguardian\apiguardian-api\1.1.0\apiguardian-api-1.1.0.jar;C:\xuefly\localRepository\org\opentest4j\opentest4j\1.2.0\opentest4j-1.2.0.jar;C:\xuefly\localRepository\org\junit\platform\junit-platform-commons\1.5.2\junit-platform-commons-1.5.2.jar;C:\xuefly\localRepository\org\junit\jupiter\junit-jupiter-params\5.5.2\junit-jupiter-params-5.5.2.jar;C:\xuefly\localRepository\org\junit\jupiter\junit-jupiter-engine\5.5.2\junit-jupiter-engine-5.5.2.jar;C:\xuefly\localRepository\org\junit\platform\junit-platform-engine\1.5.2\junit-platform-engine-1.5.2.jar;C:\xuefly\localRepository\org\mockito\mockito-junit-jupiter\3.1.0\mockito-junit-jupiter-3.1.0.jar;C:\xuefly\localRepository\org\assertj\assertj-core\3.13.2\assertj-core-3.13.2.jar;C:\xuefly\localRepository\org\hamcrest\hamcrest\2.1\hamcrest-2.1.jar;C:\xuefly\localRepository\org\mockito\mockito-core\3.1.0\mockito-core-3.1.0.jar;C:\xuefly\localRepository\net\bytebuddy\byte-buddy\1.10.4\byte-buddy-1.10.4.jar;C:\xuefly\localRepository\net\bytebuddy\byte-buddy-agent\1.10.4\byte-buddy-agent-1.10.4.jar;C:\xuefly\localRepository\org\objenesis\objenesis\2.6\objenesis-2.6.jar;C:\xuefly\localRepository\org\skyscreamer\jsonassert\1.5.0\jsonassert-1.5.0.jar;C:\xuefly\localRepository\com\vaadin\external\google\android-json\0.0.20131108.vaadin1\android-json-0.0.20131108.vaadin1.jar;C:\xuefly\localRepository\org\springframework\spring-core\5.2.2.RELEASE\spring-core-5.2.2.RELEASE.jar;C:\xuefly\localRepository\org\springframework\spring-jcl\5.2.2.RELEASE\spring-jcl-5.2.2.RELEASE.jar;C:\xuefly\localRepository\org\springframework\spring-test\5.2.2.RELEASE\spring-test-5.2.2.RELEASE.jar;C:\xuefly\localRepository\org\xmlunit\xmlunit-core\2.6.3\xmlunit-core-2.6.3.jar;"/>
    <property name="java.vm.vendor" value="Oracle Corporation"/>
    <property name="sun.arch.data.model" value="64"/>
    <property name="user.variant" value=""/>
    <property name="java.vendor.url" value="http://java.oracle.com/"/>
    <property name="user.timezone" value="Asia/Shanghai"/>
    <property name="java.vm.specification.version" value="1.8"/>
    <property name="os.name" value="Windows 10"/>
    <property name="user.country" value="CN"/>
    <property name="sun.java.launcher" value="SUN_STANDARD"/>
    <property name="sun.boot.library.path" value="C:\Program Files\Java\jdk1.8.0_144\jre\bin"/>
    <property name="sun.java.command" value="C:\Users\xuefl\AppData\Local\Temp\surefire8943866749965721057\surefirebooter1264657864789461527.jar C:\Users\xuefl\AppData\Local\Temp\surefire8943866749965721057 2020-01-15T17-03-58_296-jvmRun1 surefire6990223463095854466tmp surefire_02388471503948835649tmp"/>
    <property name="surefire.test.class.path" value="C:\xuefly\project\springboot-demo\demo\target\test-classes;C:\xuefly\project\springboot-demo\demo\target\classes;C:\xuefly\localRepository\org\springframework\cloud\spring-cloud-starter-netflix-eureka-client\2.2.1.RELEASE\spring-cloud-starter-netflix-eureka-client-2.2.1.RELEASE.jar;C:\xuefly\localRepository\org\springframework\cloud\spring-cloud-starter\2.2.1.RELEASE\spring-cloud-starter-2.2.1.RELEASE.jar;C:\xuefly\localRepository\org\springframework\cloud\spring-cloud-context\2.2.1.RELEASE\spring-cloud-context-2.2.1.RELEASE.jar;C:\xuefly\localRepository\org\springframework\security\spring-security-crypto\5.2.1.RELEASE\spring-security-crypto-5.2.1.RELEASE.jar;C:\xuefly\localRepository\org\springframework\cloud\spring-cloud-commons\2.2.1.RELEASE\spring-cloud-commons-2.2.1.RELEASE.jar;C:\xuefly\localRepository\org\springframework\security\spring-security-rsa\1.0.9.RELEASE\spring-security-rsa-1.0.9.RELEASE.jar;C:\xuefly\localRepository\org\bouncycastle\bcpkix-jdk15on\1.64\bcpkix-jdk15on-1.64.jar;C:\xuefly\localRepository\org\bouncycastle\bcprov-jdk15on\1.64\bcprov-jdk15on-1.64.jar;C:\xuefly\localRepository\org\springframework\cloud\spring-cloud-netflix-hystrix\2.2.1.RELEASE\spring-cloud-netflix-hystrix-2.2.1.RELEASE.jar;C:\xuefly\localRepository\org\springframework\boot\spring-boot-autoconfigure\2.2.2.RELEASE\spring-boot-autoconfigure-2.2.2.RELEASE.jar;C:\xuefly\localRepository\org\springframework\cloud\spring-cloud-netflix-eureka-client\2.2.1.RELEASE\spring-cloud-netflix-eureka-client-2.2.1.RELEASE.jar;C:\xuefly\localRepository\com\netflix\eureka\eureka-client\1.9.13\eureka-client-1.9.13.jar;C:\xuefly\localRepository\org\codehaus\jettison\jettison\1.3.7\jettison-1.3.7.jar;C:\xuefly\localRepository\stax\stax-api\1.0.1\stax-api-1.0.1.jar;C:\xuefly\localRepository\com\netflix\netflix-commons\netflix-eventbus\0.3.0\netflix-eventbus-0.3.0.jar;C:\xuefly\localRepository\com\netflix\netflix-commons\netflix-infix\0.3.0\netflix-infix-0.3.0.jar;C:\xuefly\localRepository\commons-jxpath\commons-jxpath\1.3\commons-jxpath-1.3.jar;C:\xuefly\localRepository\joda-time\joda-time\2.10.5\joda-time-2.10.5.jar;C:\xuefly\localRepository\org\antlr\antlr-runtime\3.4\antlr-runtime-3.4.jar;C:\xuefly\localRepository\org\antlr\stringtemplate\3.2.1\stringtemplate-3.2.1.jar;C:\xuefly\localRepository\antlr\antlr\2.7.7\antlr-2.7.7.jar;C:\xuefly\localRepository\com\google\code\gson\gson\2.8.6\gson-2.8.6.jar;C:\xuefly\localRepository\org\apache\commons\commons-math\2.2\commons-math-2.2.jar;C:\xuefly\localRepository\com\netflix\archaius\archaius-core\0.7.6\archaius-core-0.7.6.jar;C:\xuefly\localRepository\javax\ws\rs\jsr311-api\1.1.1\jsr311-api-1.1.1.jar;C:\xuefly\localRepository\com\netflix\servo\servo-core\0.12.21\servo-core-0.12.21.jar;C:\xuefly\localRepository\com\sun\jersey\jersey-core\1.19.1\jersey-core-1.19.1.jar;C:\xuefly\localRepository\com\sun\jersey\jersey-client\1.19.1\jersey-client-1.19.1.jar;C:\xuefly\localRepository\com\sun\jersey\contribs\jersey-apache-client4\1.19.1\jersey-apache-client4-1.19.1.jar;C:\xuefly\localRepository\org\apache\httpcomponents\httpclient\4.5.10\httpclient-4.5.10.jar;C:\xuefly\localRepository\org\apache\httpcomponents\httpcore\4.4.12\httpcore-4.4.12.jar;C:\xuefly\localRepository\commons-codec\commons-codec\1.13\commons-codec-1.13.jar;C:\xuefly\localRepository\com\google\inject\guice\4.1.0\guice-4.1.0.jar;C:\xuefly\localRepository\javax\inject\javax.inject\1\javax.inject-1.jar;C:\xuefly\localRepository\aopalliance\aopalliance\1.0\aopalliance-1.0.jar;C:\xuefly\localRepository\com\fasterxml\jackson\core\jackson-annotations\2.10.1\jackson-annotations-2.10.1.jar;C:\xuefly\localRepository\com\fasterxml\jackson\core\jackson-core\2.10.1\jackson-core-2.10.1.jar;C:\xuefly\localRepository\com\fasterxml\jackson\core\jackson-databind\2.10.1\jackson-databind-2.10.1.jar;C:\xuefly\localRepository\com\netflix\eureka\eureka-core\1.9.13\eureka-core-1.9.13.jar;C:\xuefly\localRepository\com\fasterxml\woodstox\woodstox-core\5.2.1\woodstox-core-5.2.1.jar;C:\xuefly\localRepository\org\codehaus\woodstox\stax2-api\4.2\stax2-api-4.2.jar;C:\xuefly\localRepository\org\springframework\cloud\spring-cloud-starter-netflix-archaius\2.2.1.RELEASE\spring-cloud-starter-netflix-archaius-2.2.1.RELEASE.jar;C:\xuefly\localRepository\org\springframework\cloud\spring-cloud-netflix-ribbon\2.2.1.RELEASE\spring-cloud-netflix-ribbon-2.2.1.RELEASE.jar;C:\xuefly\localRepository\org\springframework\cloud\spring-cloud-netflix-archaius\2.2.1.RELEASE\spring-cloud-netflix-archaius-2.2.1.RELEASE.jar;C:\xuefly\localRepository\commons-configuration\commons-configuration\1.8\commons-configuration-1.8.jar;C:\xuefly\localRepository\commons-lang\commons-lang\2.6\commons-lang-2.6.jar;C:\xuefly\localRepository\org\springframework\cloud\spring-cloud-starter-netflix-ribbon\2.2.1.RELEASE\spring-cloud-starter-netflix-ribbon-2.2.1.RELEASE.jar;C:\xuefly\localRepository\com\netflix\ribbon\ribbon\2.3.0\ribbon-2.3.0.jar;C:\xuefly\localRepository\com\netflix\ribbon\ribbon-transport\2.3.0\ribbon-transport-2.3.0.jar;C:\xuefly\localRepository\io\reactivex\rxnetty-contexts\0.4.9\rxnetty-contexts-0.4.9.jar;C:\xuefly\localRepository\io\reactivex\rxnetty-servo\0.4.9\rxnetty-servo-0.4.9.jar;C:\xuefly\localRepository\com\netflix\hystrix\hystrix-core\1.5.18\hystrix-core-1.5.18.jar;C:\xuefly\localRepository\org\hdrhistogram\HdrHistogram\2.1.9\HdrHistogram-2.1.9.jar;C:\xuefly\localRepository\io\reactivex\rxnetty\0.4.9\rxnetty-0.4.9.jar;C:\xuefly\localRepository\com\netflix\ribbon\ribbon-core\2.3.0\ribbon-core-2.3.0.jar;C:\xuefly\localRepository\com\netflix\ribbon\ribbon-httpclient\2.3.0\ribbon-httpclient-2.3.0.jar;C:\xuefly\localRepository\commons-collections\commons-collections\3.2.2\commons-collections-3.2.2.jar;C:\xuefly\localRepository\com\netflix\netflix-commons\netflix-commons-util\0.3.0\netflix-commons-util-0.3.0.jar;C:\xuefly\localRepository\com\netflix\ribbon\ribbon-loadbalancer\2.3.0\ribbon-loadbalancer-2.3.0.jar;C:\xuefly\localRepository\com\netflix\netflix-commons\netflix-statistics\0.1.1\netflix-statistics-0.1.1.jar;C:\xuefly\localRepository\io\reactivex\rxjava\1.3.8\rxjava-1.3.8.jar;C:\xuefly\localRepository\org\springframework\cloud\spring-cloud-starter-loadbalancer\2.2.1.RELEASE\spring-cloud-starter-loadbalancer-2.2.1.RELEASE.jar;C:\xuefly\localRepository\org\springframework\cloud\spring-cloud-loadbalancer\2.2.1.RELEASE\spring-cloud-loadbalancer-2.2.1.RELEASE.jar;C:\xuefly\localRepository\io\projectreactor\addons\reactor-extra\3.3.1.RELEASE\reactor-extra-3.3.1.RELEASE.jar;C:\xuefly\localRepository\org\springframework\boot\spring-boot-starter-cache\2.2.2.RELEASE\spring-boot-starter-cache-2.2.2.RELEASE.jar;C:\xuefly\localRepository\com\stoyanr\evictor\1.0.0\evictor-1.0.0.jar;C:\xuefly\localRepository\com\netflix\ribbon\ribbon-eureka\2.3.0\ribbon-eureka-2.3.0.jar;C:\xuefly\localRepository\com\thoughtworks\xstream\xstream\1.4.11.1\xstream-1.4.11.1.jar;C:\xuefly\localRepository\xmlpull\xmlpull\1.1.3.1\xmlpull-1.1.3.1.jar;C:\xuefly\localRepository\xpp3\xpp3_min\1.1.4c\xpp3_min-1.1.4c.jar;C:\xuefly\localRepository\org\springframework\boot\spring-boot-starter-web\2.2.2.RELEASE\spring-boot-starter-web-2.2.2.RELEASE.jar;C:\xuefly\localRepository\org\springframework\boot\spring-boot-starter\2.2.2.RELEASE\spring-boot-starter-2.2.2.RELEASE.jar;C:\xuefly\localRepository\org\springframework\boot\spring-boot\2.2.2.RELEASE\spring-boot-2.2.2.RELEASE.jar;C:\xuefly\localRepository\jakarta\annotation\jakarta.annotation-api\1.3.5\jakarta.annotation-api-1.3.5.jar;C:\xuefly\localRepository\org\yaml\snakeyaml\1.25\snakeyaml-1.25.jar;C:\xuefly\localRepository\org\springframework\boot\spring-boot-starter-json\2.2.2.RELEASE\spring-boot-starter-json-2.2.2.RELEASE.jar;C:\xuefly\localRepository\com\fasterxml\jackson\datatype\jackson-datatype-jdk8\2.10.1\jackson-datatype-jdk8-2.10.1.jar;C:\xuefly\localRepository\com\fasterxml\jackson\datatype\jackson-datatype-jsr310\2.10.1\jackson-datatype-jsr310-2.10.1.jar;C:\xuefly\localRepository\com\fasterxml\jackson\module\jackson-module-parameter-names\2.10.1\jackson-module-parameter-names-2.10.1.jar;C:\xuefly\localRepository\org\springframework\boot\spring-boot-starter-tomcat\2.2.2.RELEASE\spring-boot-starter-tomcat-2.2.2.RELEASE.jar;C:\xuefly\localRepository\org\apache\tomcat\embed\tomcat-embed-core\9.0.29\tomcat-embed-core-9.0.29.jar;C:\xuefly\localRepository\org\apache\tomcat\embed\tomcat-embed-el\9.0.29\tomcat-embed-el-9.0.29.jar;C:\xuefly\localRepository\org\apache\tomcat\embed\tomcat-embed-websocket\9.0.29\tomcat-embed-websocket-9.0.29.jar;C:\xuefly\localRepository\org\springframework\boot\spring-boot-starter-validation\2.2.2.RELEASE\spring-boot-starter-validation-2.2.2.RELEASE.jar;C:\xuefly\localRepository\jakarta\validation\jakarta.validation-api\2.0.1\jakarta.validation-api-2.0.1.jar;C:\xuefly\localRepository\org\hibernate\validator\hibernate-validator\6.0.18.Final\hibernate-validator-6.0.18.Final.jar;C:\xuefly\localRepository\org\jboss\logging\jboss-logging\3.4.1.Final\jboss-logging-3.4.1.Final.jar;C:\xuefly\localRepository\org\springframework\spring-web\5.2.2.RELEASE\spring-web-5.2.2.RELEASE.jar;C:\xuefly\localRepository\org\springframework\spring-beans\5.2.2.RELEASE\spring-beans-5.2.2.RELEASE.jar;C:\xuefly\localRepository\org\springframework\spring-webmvc\5.2.2.RELEASE\spring-webmvc-5.2.2.RELEASE.jar;C:\xuefly\localRepository\org\springframework\spring-expression\5.2.2.RELEASE\spring-expression-5.2.2.RELEASE.jar;C:\xuefly\localRepository\org\springframework\boot\spring-boot-starter-logging\2.2.2.RELEASE\spring-boot-starter-logging-2.2.2.RELEASE.jar;C:\xuefly\localRepository\ch\qos\logback\logback-classic\1.2.3\logback-classic-1.2.3.jar;C:\xuefly\localRepository\ch\qos\logback\logback-core\1.2.3\logback-core-1.2.3.jar;C:\xuefly\localRepository\org\apache\logging\log4j\log4j-to-slf4j\2.12.1\log4j-to-slf4j-2.12.1.jar;C:\xuefly\localRepository\org\apache\logging\log4j\log4j-api\2.12.1\log4j-api-2.12.1.jar;C:\xuefly\localRepository\org\slf4j\jul-to-slf4j\1.7.29\jul-to-slf4j-1.7.29.jar;C:\xuefly\localRepository\org\springframework\boot\spring-boot-starter-quartz\2.2.2.RELEASE\spring-boot-starter-quartz-2.2.2.RELEASE.jar;C:\xuefly\localRepository\org\springframework\spring-context-support\5.2.2.RELEASE\spring-context-support-5.2.2.RELEASE.jar;C:\xuefly\localRepository\org\springframework\spring-tx\5.2.2.RELEASE\spring-tx-5.2.2.RELEASE.jar;C:\xuefly\localRepository\org\quartz-scheduler\quartz\2.3.2\quartz-2.3.2.jar;C:\xuefly\localRepository\com\mchange\mchange-commons-java\0.2.15\mchange-commons-java-0.2.15.jar;C:\xuefly\localRepository\org\springframework\boot\spring-boot-starter-data-redis\2.2.2.RELEASE\spring-boot-starter-data-redis-2.2.2.RELEASE.jar;C:\xuefly\localRepository\org\springframework\data\spring-data-redis\2.2.3.RELEASE\spring-data-redis-2.2.3.RELEASE.jar;C:\xuefly\localRepository\org\springframework\data\spring-data-keyvalue\2.2.3.RELEASE\spring-data-keyvalue-2.2.3.RELEASE.jar;C:\xuefly\localRepository\org\springframework\data\spring-data-commons\2.2.3.RELEASE\spring-data-commons-2.2.3.RELEASE.jar;C:\xuefly\localRepository\org\springframework\spring-oxm\5.2.2.RELEASE\spring-oxm-5.2.2.RELEASE.jar;C:\xuefly\localRepository\io\lettuce\lettuce-core\5.2.1.RELEASE\lettuce-core-5.2.1.RELEASE.jar;C:\xuefly\localRepository\io\netty\netty-common\4.1.43.Final\netty-common-4.1.43.Final.jar;C:\xuefly\localRepository\io\netty\netty-handler\4.1.43.Final\netty-handler-4.1.43.Final.jar;C:\xuefly\localRepository\io\netty\netty-buffer\4.1.43.Final\netty-buffer-4.1.43.Final.jar;C:\xuefly\localRepository\io\netty\netty-codec\4.1.43.Final\netty-codec-4.1.43.Final.jar;C:\xuefly\localRepository\io\netty\netty-transport\4.1.43.Final\netty-transport-4.1.43.Final.jar;C:\xuefly\localRepository\io\netty\netty-resolver\4.1.43.Final\netty-resolver-4.1.43.Final.jar;C:\xuefly\localRepository\io\projectreactor\reactor-core\3.3.1.RELEASE\reactor-core-3.3.1.RELEASE.jar;C:\xuefly\localRepository\org\reactivestreams\reactive-streams\1.0.3\reactive-streams-1.0.3.jar;C:\xuefly\localRepository\org\springframework\boot\spring-boot-starter-amqp\2.2.2.RELEASE\spring-boot-starter-amqp-2.2.2.RELEASE.jar;C:\xuefly\localRepository\org\springframework\spring-messaging\5.2.2.RELEASE\spring-messaging-5.2.2.RELEASE.jar;C:\xuefly\localRepository\org\springframework\amqp\spring-rabbit\2.2.2.RELEASE\spring-rabbit-2.2.2.RELEASE.jar;C:\xuefly\localRepository\com\rabbitmq\amqp-client\5.7.3\amqp-client-5.7.3.jar;C:\xuefly\localRepository\org\springframework\amqp\spring-amqp\2.2.2.RELEASE\spring-amqp-2.2.2.RELEASE.jar;C:\xuefly\localRepository\org\springframework\boot\spring-boot-starter-aop\2.2.2.RELEASE\spring-boot-starter-aop-2.2.2.RELEASE.jar;C:\xuefly\localRepository\org\springframework\spring-aop\5.2.2.RELEASE\spring-aop-5.2.2.RELEASE.jar;C:\xuefly\localRepository\org\aspectj\aspectjweaver\1.9.5\aspectjweaver-1.9.5.jar;C:\xuefly\localRepository\com\alibaba\fastjson\1.2.32\fastjson-1.2.32.jar;C:\xuefly\localRepository\org\springframework\kafka\spring-kafka\2.3.4.RELEASE\spring-kafka-2.3.4.RELEASE.jar;C:\xuefly\localRepository\org\apache\kafka\kafka-clients\2.3.1\kafka-clients-2.3.1.jar;C:\xuefly\localRepository\com\github\luben\zstd-jni\1.4.0-1\zstd-jni-1.4.0-1.jar;C:\xuefly\localRepository\org\lz4\lz4-java\1.6.0\lz4-java-1.6.0.jar;C:\xuefly\localRepository\org\xerial\snappy\snappy-java\1.1.7.3\snappy-java-1.1.7.3.jar;C:\xuefly\localRepository\org\springframework\retry\spring-retry\1.2.4.RELEASE\spring-retry-1.2.4.RELEASE.jar;C:\xuefly\localRepository\org\springframework\spring-context\5.2.2.RELEASE\spring-context-5.2.2.RELEASE.jar;C:\xuefly\localRepository\org\projectlombok\lombok\1.18.8\lombok-1.18.8.jar;C:\xuefly\localRepository\org\mybatis\mybatis\3.5.3\mybatis-3.5.3.jar;C:\xuefly\localRepository\org\mybatis\spring\boot\mybatis-spring-boot-starter\2.1.1\mybatis-spring-boot-starter-2.1.1.jar;C:\xuefly\localRepository\org\springframework\boot\spring-boot-starter-jdbc\2.2.2.RELEASE\spring-boot-starter-jdbc-2.2.2.RELEASE.jar;C:\xuefly\localRepository\com\zaxxer\HikariCP\3.4.1\HikariCP-3.4.1.jar;C:\xuefly\localRepository\org\springframework\spring-jdbc\5.2.2.RELEASE\spring-jdbc-5.2.2.RELEASE.jar;C:\xuefly\localRepository\org\mybatis\spring\boot\mybatis-spring-boot-autoconfigure\2.1.1\mybatis-spring-boot-autoconfigure-2.1.1.jar;C:\xuefly\localRepository\org\mybatis\mybatis-spring\2.0.3\mybatis-spring-2.0.3.jar;C:\xuefly\localRepository\mysql\mysql-connector-java\8.0.18\mysql-connector-java-8.0.18.jar;C:\xuefly\localRepository\io\springfox\springfox-swagger2\2.9.2\springfox-swagger2-2.9.2.jar;C:\xuefly\localRepository\io\swagger\swagger-annotations\1.5.20\swagger-annotations-1.5.20.jar;C:\xuefly\localRepository\io\swagger\swagger-models\1.5.20\swagger-models-1.5.20.jar;C:\xuefly\localRepository\io\springfox\springfox-spi\2.9.2\springfox-spi-2.9.2.jar;C:\xuefly\localRepository\io\springfox\springfox-core\2.9.2\springfox-core-2.9.2.jar;C:\xuefly\localRepository\io\springfox\springfox-schema\2.9.2\springfox-schema-2.9.2.jar;C:\xuefly\localRepository\io\springfox\springfox-swagger-common\2.9.2\springfox-swagger-common-2.9.2.jar;C:\xuefly\localRepository\io\springfox\springfox-spring-web\2.9.2\springfox-spring-web-2.9.2.jar;C:\xuefly\localRepository\com\google\guava\guava\20.0\guava-20.0.jar;C:\xuefly\localRepository\com\fasterxml\classmate\1.5.1\classmate-1.5.1.jar;C:\xuefly\localRepository\org\slf4j\slf4j-api\1.7.29\slf4j-api-1.7.29.jar;C:\xuefly\localRepository\org\springframework\plugin\spring-plugin-core\1.2.0.RELEASE\spring-plugin-core-1.2.0.RELEASE.jar;C:\xuefly\localRepository\org\springframework\plugin\spring-plugin-metadata\1.2.0.RELEASE\spring-plugin-metadata-1.2.0.RELEASE.jar;C:\xuefly\localRepository\org\mapstruct\mapstruct\1.2.0.Final\mapstruct-1.2.0.Final.jar;C:\xuefly\localRepository\io\springfox\springfox-swagger-ui\2.9.2\springfox-swagger-ui-2.9.2.jar;C:\xuefly\localRepository\org\springframework\boot\spring-boot-starter-test\2.2.2.RELEASE\spring-boot-starter-test-2.2.2.RELEASE.jar;C:\xuefly\localRepository\org\springframework\boot\spring-boot-test\2.2.2.RELEASE\spring-boot-test-2.2.2.RELEASE.jar;C:\xuefly\localRepository\org\springframework\boot\spring-boot-test-autoconfigure\2.2.2.RELEASE\spring-boot-test-autoconfigure-2.2.2.RELEASE.jar;C:\xuefly\localRepository\com\jayway\jsonpath\json-path\2.4.0\json-path-2.4.0.jar;C:\xuefly\localRepository\net\minidev\json-smart\2.3\json-smart-2.3.jar;C:\xuefly\localRepository\net\minidev\accessors-smart\1.2\accessors-smart-1.2.jar;C:\xuefly\localRepository\org\ow2\asm\asm\5.0.4\asm-5.0.4.jar;C:\xuefly\localRepository\jakarta\xml\bind\jakarta.xml.bind-api\2.3.2\jakarta.xml.bind-api-2.3.2.jar;C:\xuefly\localRepository\jakarta\activation\jakarta.activation-api\1.2.1\jakarta.activation-api-1.2.1.jar;C:\xuefly\localRepository\org\junit\jupiter\junit-jupiter\5.5.2\junit-jupiter-5.5.2.jar;C:\xuefly\localRepository\org\junit\jupiter\junit-jupiter-api\5.5.2\junit-jupiter-api-5.5.2.jar;C:\xuefly\localRepository\org\apiguardian\apiguardian-api\1.1.0\apiguardian-api-1.1.0.jar;C:\xuefly\localRepository\org\opentest4j\opentest4j\1.2.0\opentest4j-1.2.0.jar;C:\xuefly\localRepository\org\junit\platform\junit-platform-commons\1.5.2\junit-platform-commons-1.5.2.jar;C:\xuefly\localRepository\org\junit\jupiter\junit-jupiter-params\5.5.2\junit-jupiter-params-5.5.2.jar;C:\xuefly\localRepository\org\junit\jupiter\junit-jupiter-engine\5.5.2\junit-jupiter-engine-5.5.2.jar;C:\xuefly\localRepository\org\junit\platform\junit-platform-engine\1.5.2\junit-platform-engine-1.5.2.jar;C:\xuefly\localRepository\org\mockito\mockito-junit-jupiter\3.1.0\mockito-junit-jupiter-3.1.0.jar;C:\xuefly\localRepository\org\assertj\assertj-core\3.13.2\assertj-core-3.13.2.jar;C:\xuefly\localRepository\org\hamcrest\hamcrest\2.1\hamcrest-2.1.jar;C:\xuefly\localRepository\org\mockito\mockito-core\3.1.0\mockito-core-3.1.0.jar;C:\xuefly\localRepository\net\bytebuddy\byte-buddy\1.10.4\byte-buddy-1.10.4.jar;C:\xuefly\localRepository\net\bytebuddy\byte-buddy-agent\1.10.4\byte-buddy-agent-1.10.4.jar;C:\xuefly\localRepository\org\objenesis\objenesis\2.6\objenesis-2.6.jar;C:\xuefly\localRepository\org\skyscreamer\jsonassert\1.5.0\jsonassert-1.5.0.jar;C:\xuefly\localRepository\com\vaadin\external\google\android-json\0.0.20131108.vaadin1\android-json-0.0.20131108.vaadin1.jar;C:\xuefly\localRepository\org\springframework\spring-core\5.2.2.RELEASE\spring-core-5.2.2.RELEASE.jar;C:\xuefly\localRepository\org\springframework\spring-jcl\5.2.2.RELEASE\spring-jcl-5.2.2.RELEASE.jar;C:\xuefly\localRepository\org\springframework\spring-test\5.2.2.RELEASE\spring-test-5.2.2.RELEASE.jar;C:\xuefly\localRepository\org\xmlunit\xmlunit-core\2.6.3\xmlunit-core-2.6.3.jar;"/>
    <property name="sun.cpu.endian" value="little"/>
    <property name="user.home" value="C:\Users\xuefl"/>
    <property name="user.language" value="zh"/>
    <property name="java.specification.vendor" value="Oracle Corporation"/>
    <property name="java.home" value="C:\Program Files\Java\jdk1.8.0_144\jre"/>
    <property name="basedir" value="C:\xuefly\project\springboot-demo\demo"/>
    <property name="file.separator" value="\"/>
    <property name="line.separator" value="&#10;"/>
    <property name="java.vm.specification.vendor" value="Oracle Corporation"/>
    <property name="java.specification.name" value="Java Platform API Specification"/>
    <property name="java.awt.graphicsenv" value="sun.awt.Win32GraphicsEnvironment"/>
    <property name="surefire.real.class.path" value="C:\Users\xuefl\AppData\Local\Temp\surefire8943866749965721057\surefirebooter1264657864789461527.jar"/>
    <property name="sun.boot.class.path" value="C:\Program Files\Java\jdk1.8.0_144\jre\lib\resources.jar;C:\Program Files\Java\jdk1.8.0_144\jre\lib\rt.jar;C:\Program Files\Java\jdk1.8.0_144\jre\lib\sunrsasign.jar;C:\Program Files\Java\jdk1.8.0_144\jre\lib\jsse.jar;C:\Program Files\Java\jdk1.8.0_144\jre\lib\jce.jar;C:\Program Files\Java\jdk1.8.0_144\jre\lib\charsets.jar;C:\Program Files\Java\jdk1.8.0_144\jre\lib\jfr.jar;C:\Program Files\Java\jdk1.8.0_144\jre\classes"/>
    <property name="user.script" value=""/>
    <property name="sun.management.compiler" value="HotSpot 64-Bit Tiered Compilers"/>
    <property name="java.runtime.version" value="1.8.0_144-b01"/>
    <property name="user.name" value="xuefl"/>
    <property name="path.separator" value=";"/>
    <property name="os.version" value="10.0"/>
    <property name="java.endorsed.dirs" value="C:\Program Files\Java\jdk1.8.0_144\jre\lib\endorsed"/>
    <property name="java.runtime.name" value="Java(TM) SE Runtime Environment"/>
    <property name="file.encoding" value="GBK"/>
    <property name="java.vm.name" value="Java HotSpot(TM) 64-Bit Server VM"/>
    <property name="localRepository" value="C:\xuefly\localRepository"/>
    <property name="java.vendor.url.bug" value="http://bugreport.sun.com/bugreport/"/>
    <property name="java.io.tmpdir" value="C:\Users\xuefl\AppData\Local\Temp\"/>
    <property name="java.version" value="1.8.0_144"/>
    <property name="user.dir" value="C:\xuefly\project\springboot-demo\demo"/>
    <property name="os.arch" value="amd64"/>
    <property name="java.vm.specification.name" value="Java Virtual Machine Specification"/>
    <property name="java.awt.printerjob" value="sun.awt.windows.WPrinterJob"/>
    <property name="sun.os.patch.level" value=""/>
    <property name="java.library.path" value="C:\Program Files\Java\jdk1.8.0_144\jre\bin;C:\Windows\Sun\Java\bin;C:\Windows\system32;C:\Windows;C:\Program Files\Python27\;C:\Program Files\Python27\Scripts;C:\Windows\system32;C:\Windows;C:\Windows\System32\Wbem;C:\Windows\System32\WindowsPowerShell\v1.0\;C:\Windows\System32\OpenSSH\;C:\Program Files\Java\jdk1.8.0_144\bin\;C:\Program Files\apache-maven-3.5.0\bin\;C:\Program Files\TortoiseSVN\bin;C:\Program Files\TortoiseGit\bin;C:\Program Files\Git\cmd;%ERLANG_HOME%\bin;C:\Users\xuefl\AppData\Local\Microsoft\WindowsApps;;C:\Program Files\JetBrains\IntelliJ IDEA 2019.3\bin;;C:\Users\xuefl\AppData\Local\Programs\Microsoft VS Code\bin;."/>
    <property name="java.vm.info" value="mixed mode"/>
    <property name="java.vendor" value="Oracle Corporation"/>
    <property name="java.vm.version" value="25.144-b01"/>
    <property name="java.ext.dirs" value="C:\Program Files\Java\jdk1.8.0_144\jre\lib\ext;C:\Windows\Sun\Java\lib\ext"/>
    <property name="sun.io.unicode.encoding" value="UnicodeLittle"/>
    <property name="java.class.version" value="52.0"/>
  </properties>
  <testcase name="contextLoads" classname="com.example.demo.DemoApplicationTests" time="0.001"/>
</testsuite>